#!/system/bin/sh
stop mpdecision
echo 1 > /sys/devices/system/cpu/cpu0/online
echo 1 > /sys/devices/system/cpu/cpu1/online
echo 1 > /sys/devices/system/cpu/cpu2/online
echo 1 > /sys/devices/system/cpu/cpu3/online

echo 300000 > /sys/devices/system/cpu/cpu0/cpufreq/scaling_min_freq
echo 300000 > /sys/devices/system/cpu/cpu1/cpufreq/scaling_min_freq
echo 300000 > /sys/devices/system/cpu/cpu2/cpufreq/scaling_min_freq
echo 300000 > /sys/devices/system/cpu/cpu3/cpufreq/scaling_min_freq

echo conservative > /sys/devices/system/cpu/cpu0/cpufreq/scaling_governor
echo conservative > /sys/devices/system/cpu/cpu1/cpufreq/scaling_governor
echo conservative > /sys/devices/system/cpu/cpu2/cpufreq/scaling_governor
echo conservative > /sys/devices/system/cpu/cpu3/cpufreq/scaling_governor

echo 10 > /sys/devices/system/cpu/cpufreq/conservative/freq_step
echo 30 > /sys/devices/system/cpu/cpufreq/conservative/down_threshold
echo 70 > /sys/devices/system/cpu/cpufreq/conservative/up_threshold

chmod 0444 /sys/devices/system/cpu/cpu0/cpufreq/scaling_min_freq
chmod 0444 /sys/devices/system/cpu/cpu1/cpufreq/scaling_min_freq
chmod 0444 /sys/devices/system/cpu/cpu2/cpufreq/scaling_min_freq
chmod 0444 /sys/devices/system/cpu/cpu3/cpufreq/scaling_min_freq

start mpdecision
